<?xml version="1.0" encoding="UTF-8"?>
<!-- Generated by org.testng.reporters.JUnitXMLReporter -->
<testsuite hostname="shanky" ignored="0" name="Command line test" tests="3" failures="0" timestamp="24 Jul 2020 01:35:48 GMT" time="37.271" errors="0">
  <testcase name="validatingPhase1" time="24.798" classname="com.weather.testvagrant.phase3.MainRunnerTest"/>
  <testcase name="validatingPhase2" time="1.838" classname="com.weather.testvagrant.phase3.MainRunnerTest"/>
  <testcase name="validatingPhase3" time="0.001" classname="com.weather.testvagrant.phase3.MainRunnerTest"/>
</testsuite> <!-- Command line test -->
