<?xml version="1.0" encoding="UTF-8"?>
<!-- Generated by org.testng.reporters.JUnitXMLReporter -->
<testsuite hostname="shanky" ignored="2" name="Command line test" tests="2" failures="0" timestamp="22 Jul 2020 15:19:41 GMT" time="58.146" errors="0">
  <testcase name="getByCoordinates" time="1.644" classname="com.weather.assignment.test.api.testScript.WeatherAPITest"/>
  <testcase name="NDTVWeatherWorkflow" time="45.556" classname="com.weather.assignment.test.web.testScript.WeatherWebTest"/>
  <testcase name="@AfterTest quitDriver" time="0.0" classname="com.weather.assignment.test.web.BaseTest">
    <ignored/>
  </testcase> <!-- @AfterTest quitDriver -->
  <testcase name="@BeforeTest setUpDriver" time="0.0" classname="com.weather.assignment.test.web.BaseTest">
    <ignored/>
  </testcase> <!-- @BeforeTest setUpDriver -->
</testsuite> <!-- Command line test -->
