<?xml version="1.0" encoding="UTF-8"?>
<testng-results skipped="0" failed="0" ignored="0" total="3" passed="3">
  <reporter-output>
  </reporter-output>
  <suite name="com.weather.testvagrant.phase3.MainRunnerTest" duration-ms="37271" started-at="2020-07-24T01:35:11Z" finished-at="2020-07-24T01:35:48Z">
    <groups>
    </groups>
    <test name="Command line test" duration-ms="37271" started-at="2020-07-24T01:35:11Z" finished-at="2020-07-24T01:35:48Z">
      <class name="com.weather.testvagrant.phase3.MainRunnerTest">
        <test-method status="PASS" signature="setUpDriver()[pri:0, instance:com.weather.testvagrant.phase3.MainRunnerTest@67b6d4ae]" name="setUpDriver" is-config="true" duration-ms="3893" started-at="2020-07-24T01:35:11Z" finished-at="2020-07-24T01:35:15Z">
          <reporter-output>
          </reporter-output>
        </test-method> <!-- setUpDriver -->
        <test-method status="PASS" signature="setUpPages()[pri:0, instance:com.weather.testvagrant.phase3.MainRunnerTest@67b6d4ae]" name="setUpPages" is-config="true" duration-ms="25" started-at="2020-07-24T01:35:15Z" depends-on-methods="com.weather.testvagrant.phase1.BaseWebClass.setUpDriver" finished-at="2020-07-24T01:35:15Z">
          <reporter-output>
          </reporter-output>
        </test-method> <!-- setUpPages -->
        <test-method status="PASS" signature="validatingPhase1()[pri:0, instance:com.weather.testvagrant.phase3.MainRunnerTest@67b6d4ae]" name="validatingPhase1" duration-ms="24798" started-at="2020-07-24T01:35:15Z" finished-at="2020-07-24T01:35:40Z">
          <reporter-output>
          </reporter-output>
        </test-method> <!-- validatingPhase1 -->
        <test-method status="PASS" signature="validatingPhase2()[pri:0, instance:com.weather.testvagrant.phase3.MainRunnerTest@67b6d4ae]" name="validatingPhase2" duration-ms="1838" started-at="2020-07-24T01:35:40Z" finished-at="2020-07-24T01:35:42Z">
          <reporter-output>
          </reporter-output>
        </test-method> <!-- validatingPhase2 -->
        <test-method status="PASS" signature="validatingPhase3()[pri:0, instance:com.weather.testvagrant.phase3.MainRunnerTest@67b6d4ae]" name="validatingPhase3" duration-ms="1" started-at="2020-07-24T01:35:42Z" finished-at="2020-07-24T01:35:42Z">
          <reporter-output>
          </reporter-output>
        </test-method> <!-- validatingPhase3 -->
        <test-method status="PASS" signature="quitDriver()[pri:0, instance:com.weather.testvagrant.phase3.MainRunnerTest@67b6d4ae]" name="quitDriver" is-config="true" duration-ms="6705" started-at="2020-07-24T01:35:42Z" finished-at="2020-07-24T01:35:48Z">
          <reporter-output>
          </reporter-output>
        </test-method> <!-- quitDriver -->
      </class> <!-- com.weather.testvagrant.phase3.MainRunnerTest -->
    </test> <!-- Command line test -->
  </suite> <!-- com.weather.testvagrant.phase3.MainRunnerTest -->
</testng-results>
