<?xml version="1.0" encoding="UTF-8"?>
<!-- Generated by org.testng.reporters.JUnitXMLReporter -->
<testsuite hostname="shanky" ignored="0" name="Command line test" tests="3" failures="0" timestamp="23 Jul 2020 17:05:01 GMT" time="52.39" errors="0">
  <testcase name="executeWeatherViaAPI" time="2.204" classname="com.weather.assignment.test.phase3.MainRunnerTest"/>
  <testcase name="executeWeatherViaWeb" time="38.464" classname="com.weather.assignment.test.phase3.MainRunnerTest"/>
  <testcase name="validatingBoth" time="0.002" classname="com.weather.assignment.test.phase3.MainRunnerTest"/>
</testsuite> <!-- Command line test -->
